<?xml version="1.0" encoding="UTF-8"?>
<!-- Generated by org.testng.reporters.JUnitReportReporter -->
<testsuite hostname="QT-INBG-LT0230" failures="0" tests="4" name="Mobile_worldd.login" time="4.392" errors="0" timestamp="2022-06-16T22:07:43 IST" skipped="0">
  <testcase classname="Mobile_worldd.login" name="login" time="0.670"/>
  <system-out/>
  <testcase classname="Mobile_worldd.login" name="login" time="0.554"/>
  <system-out/>
  <testcase classname="Mobile_worldd.login" name="login" time="2.567"/>
  <system-out/>
  <testcase classname="Mobile_worldd.login" name="login" time="0.601"/>
  <system-out/>
</testsuite> <!-- Mobile_worldd.login -->
