<?xml version="1.0" encoding="UTF-8"?>
<!-- Generated by org.testng.reporters.JUnitReportReporter -->
<testsuite hostname="QT-INBG-LT0230" failures="0" tests="10" name="Mobile_worldd.Allmobiles" time="14.805" errors="0" timestamp="2022-06-16T22:18:46 IST" skipped="0">
  <testcase classname="Mobile_worldd.Allmobiles" name="launchBrowser" time="9.551"/>
  <system-out/>
  <testcase classname="Mobile_worldd.Allmobiles" name="allMobiles" time="1.487"/>
  <system-out/>
  <testcase classname="Mobile_worldd.Allmobiles" name="searchLenovo" time="0.212"/>
  <system-out/>
  <testcase classname="Mobile_worldd.Allmobiles" name="searchSamsung" time="0.240"/>
  <system-out/>
  <testcase classname="Mobile_worldd.Allmobiles" name="wrongApple" time="0.214"/>
  <system-out/>
  <testcase classname="Mobile_worldd.Allmobiles" name="wrongSamsung" time="0.121"/>
  <system-out/>
  <testcase classname="Mobile_worldd.Allmobiles" name="twoCharacter" time="0.128"/>
  <system-out/>
  <testcase classname="Mobile_worldd.Allmobiles" name="InvalidMob" time="0.105"/>
  <system-out/>
  <testcase classname="Mobile_worldd.Allmobiles" name="order" time="2.396"/>
  <system-out/>
  <testcase classname="Mobile_worldd.Allmobiles" name="courseVerify" time="0.351"/>
  <system-out/>
</testsuite> <!-- Mobile_worldd.Allmobiles -->
