<?xml version="1.0" encoding="UTF-8"?>
<!-- Generated by org.testng.reporters.JUnitReportReporter -->
<testsuite hostname="QT-INBG-LT0230" failures="0" tests="4" name="Mobile_worldd.Sig_in" time="8.377" errors="0" timestamp="2022-06-16T22:05:51 IST" skipped="0">
  <testcase classname="Mobile_worldd.Sig_in" name="launchBrowser" time="6.750"/>
  <system-out/>
  <testcase classname="Mobile_worldd.Sig_in" name="enterUserName" time="0.173"/>
  <system-out/>
  <testcase classname="Mobile_worldd.Sig_in" name="enterPassword" time="0.123"/>
  <system-out/>
  <testcase classname="Mobile_worldd.Sig_in" name="clickOnLogin" time="1.331"/>
  <system-out/>
</testsuite> <!-- Mobile_worldd.Sig_in -->
