<?xml version="1.0" encoding="UTF-8"?>
<!-- Generated by org.testng.reporters.JUnitReportReporter -->
<testsuite hostname="QT-INBG-LT0230" failures="0" tests="1" name="Mobile_worldd.Demo" time="3.546" errors="0" timestamp="2022-06-16T14:47:30 IST" skipped="0">
  <testcase classname="Mobile_worldd.Demo" name="search" time="3.546"/>
  <system-out/>
</testsuite> <!-- Mobile_worldd.Demo -->
