<?xml version="1.0" encoding="UTF-8"?>
<!-- Generated by org.testng.reporters.JUnitReportReporter -->
<testsuite hostname="QT-INBG-LT0230" failures="0" tests="7" name="Mobile_worldd.Home_Page" time="17.096" errors="0" timestamp="2022-06-16T22:14:21 IST" skipped="0">
  <testcase classname="Mobile_worldd.Home_Page" name="launchBrowser" time="8.286"/>
  <system-out/>
  <testcase classname="Mobile_worldd.Home_Page" name="verifyWelcome" time="0.049"/>
  <system-out/>
  <testcase classname="Mobile_worldd.Home_Page" name="verifyLatest" time="0.039"/>
  <system-out/>
  <testcase classname="Mobile_worldd.Home_Page" name="clickOnVerify" time="2.292"/>
  <system-out/>
  <testcase classname="Mobile_worldd.Home_Page" name="clickOnMore" time="3.621"/>
  <system-out/>
  <testcase classname="Mobile_worldd.Home_Page" name="clickOnSupport" time="0.090"/>
  <system-out/>
  <testcase classname="Mobile_worldd.Home_Page" name="clickOnContact" time="2.719"/>
  <system-out/>
</testsuite> <!-- Mobile_worldd.Home_Page -->
