<?xml version="1.0" encoding="UTF-8"?>
<!-- Generated by org.testng.reporters.JUnitReportReporter -->
<testsuite hostname="QT-INBG-LT0230" failures="0" tests="7" name="Mobile_worldd.Contact_us" time="12.619" errors="0" timestamp="2022-06-16T22:17:02 IST" skipped="0">
  <testcase classname="Mobile_worldd.Contact_us" name="launchBrowser" time="7.775"/>
  <system-out/>
  <testcase classname="Mobile_worldd.Contact_us" name="clickContactUs" time="3.991"/>
  <system-out/>
  <testcase classname="Mobile_worldd.Contact_us" name="enterName" time="0.111"/>
  <system-out/>
  <testcase classname="Mobile_worldd.Contact_us" name="enterMail" time="0.125"/>
  <system-out/>
  <testcase classname="Mobile_worldd.Contact_us" name="enterPhoneNumber" time="0.096"/>
  <system-out/>
  <testcase classname="Mobile_worldd.Contact_us" name="enterMessage" time="0.270"/>
  <system-out/>
  <testcase classname="Mobile_worldd.Contact_us" name="clickOnSend" time="0.251"/>
  <system-out/>
</testsuite> <!-- Mobile_worldd.Contact_us -->
