<?xml version="1.0" encoding="UTF-8"?>
<!-- Generated by org.testng.reporters.JUnitReportReporter -->
<testsuite hostname="QT-INBG-LT0230" failures="0" tests="11" name="Mobile_worldd.Sign_Up" time="11.039" errors="0" timestamp="2022-06-16T22:04:34 IST" skipped="0">
  <testcase classname="Mobile_worldd.Sign_Up" name="launchBrowser" time="7.327"/>
  <system-out/>
  <testcase classname="Mobile_worldd.Sign_Up" name="clickOnSignUp" time="0.601"/>
  <system-out/>
  <testcase classname="Mobile_worldd.Sign_Up" name="enterFirstName" time="0.131"/>
  <system-out/>
  <testcase classname="Mobile_worldd.Sign_Up" name="enterLastName" time="0.094"/>
  <system-out/>
  <testcase classname="Mobile_worldd.Sign_Up" name="enterMail" time="0.130"/>
  <system-out/>
  <testcase classname="Mobile_worldd.Sign_Up" name="enterPassword" time="0.155"/>
  <system-out/>
  <testcase classname="Mobile_worldd.Sign_Up" name="enterDOB" time="0.096"/>
  <system-out/>
  <testcase classname="Mobile_worldd.Sign_Up" name="selectGender" time="0.078"/>
  <system-out/>
  <testcase classname="Mobile_worldd.Sign_Up" name="enterPhoneNumber" time="0.086"/>
  <system-out/>
  <testcase classname="Mobile_worldd.Sign_Up" name="clickOnRegister" time="2.221"/>
  <system-out/>
  <testcase classname="Mobile_worldd.Sign_Up" name="clickOnSignIn" time="0.120"/>
  <system-out/>
</testsuite> <!-- Mobile_worldd.Sign_Up -->
